Created date: 05/16/2020 22:26:22

05/16/2020 22:26:22: System.ArgumentException: Negative Balance

05/16/2020 22:26:22: System.ArgumentException: Negative Balance

05/16/2020 22:28:29: System.ArgumentException: Negative Balance

05/16/2020 22:28:29: System.ArgumentException: Negative Balance

05/16/2020 22:30:08: System.ArgumentException: Negative Balance

05/16/2020 22:30:08: System.ArgumentException: Negative Balance

05/16/2020 22:31:18: System.ArgumentException: Negative Balance

05/16/2020 22:31:18: System.ArgumentException: Negative Balance

05/16/2020 22:32:01: System.ArgumentException: Negative Balance

05/16/2020 22:32:01: System.ArgumentException: Negative Balance

05/16/2020 22:33:14: System.ArgumentException: Negative Balance

05/16/2020 22:33:14: System.ArgumentException: Negative Balance

05/16/2020 22:46:53: System.ArgumentException: Negative Balance

05/16/2020 22:46:53: System.ArgumentException: Negative Balance

05/16/2020 23:17:25: System.ArgumentException: Negative Balance

05/16/2020 23:17:25: System.ArgumentException: Negative Balance

05/17/2020 15:47:41: System.ArgumentException: Negative Balance

05/17/2020 15:47:41: System.ArgumentException: Negative Balance

05/17/2020 16:17:39: System.ArgumentException: Negative Balance

05/17/2020 16:17:39: System.ArgumentException: Negative Balance

05/17/2020 16:21:24: System.ArgumentException: Negative Balance

05/17/2020 16:21:24: System.ArgumentException: Negative Balance

05/17/2020 18:22:43: System.ArgumentException: Negative Balance

05/17/2020 18:22:43: System.ArgumentException: Negative Balance

05/17/2020 18:23:27: System.ArgumentException: Negative Balance

05/17/2020 18:23:27: System.ArgumentException: Negative Balance

05/17/2020 18:26:50: System.ArgumentException: Negative Balance

05/17/2020 18:26:50: System.ArgumentException: Negative Balance

05/17/2020 18:28:01: System.ArgumentException: Negative Balance

05/17/2020 18:28:01: System.ArgumentException: Negative Balance

05/17/2020 18:29:27: System.ArgumentException: Negative Balance

05/17/2020 18:29:27: System.ArgumentException: Negative Balance

05/17/2020 18:30:35: System.ArgumentException: Negative Balance

05/17/2020 18:30:35: System.ArgumentException: Negative Balance

05/17/2020 18:32:56: System.ArgumentException: Negative Balance

05/17/2020 18:32:56: System.ArgumentException: Negative Balance

05/19/2020 14:33:54: System.Exception: You don`t have enough cards.

05/19/2020 14:36:03: System.Exception: You don`t have enough cards.

05/19/2020 14:45:38: System.Exception: You don`t have enough cards.

05/19/2020 14:45:38: System.Exception: Имеется недостаточно карт.
   at Users.User.ChooseTwoCards() in /Users/danillevadsky/RiderProjects/CourseWork/Users/User.cs:line 57
   at CourseWork.Program.Main(String[] args) in /Users/danillevadsky/RiderProjects/CourseWork/CourseWork/Program.cs:line 42

05/19/2020 14:45:43: System.Exception: You don`t have enough cards.

05/19/2020 14:45:43: System.Exception: Имеется недостаточно карт.
   at Users.User.ChooseTwoCards() in /Users/danillevadsky/RiderProjects/CourseWork/Users/User.cs:line 57
   at CourseWork.Program.Main(String[] args) in /Users/danillevadsky/RiderProjects/CourseWork/CourseWork/Program.cs:line 54

05/19/2020 14:48:15: System.Exception: You don`t have enough cards.

05/19/2020 14:48:15: System.Exception: Имеется недостаточно карт.
   at Users.User.ChooseTwoCards() in /Users/danillevadsky/RiderProjects/CourseWork/Users/User.cs:line 57
   at CourseWork.Program.Main(String[] args) in /Users/danillevadsky/RiderProjects/CourseWork/CourseWork/Program.cs:line 54

05/19/2020 14:48:17: System.Exception: У вас нет карт.

05/19/2020 15:54:11: System.Exception: У вас нет карт.

05/19/2020 16:15:58: System.Exception: Имеется недостаточно карт.
   at Users.User.ChooseTwoCards() in /Users/danillevadsky/RiderProjects/CourseWork/Users/User.cs:line 56
   at CourseWork.Program.Main(String[] args) in /Users/danillevadsky/RiderProjects/CourseWork/CourseWork/Program.cs:line 46

05/19/2020 16:16:33: System.FormatException: Input string was not in a correct format.
   at System.Number.ThrowOverflowOrFormatException(ParsingStatus status, TypeCode type)
   at System.Number.ParseDecimal(ReadOnlySpan`1 value, NumberStyles styles, NumberFormatInfo info)
   at System.Convert.ToDecimal(String value)
   at CourseWork.Program.CreateNewThing() in /Users/danillevadsky/RiderProjects/CourseWork/CourseWork/Program.cs:line 149

05/19/2020 16:16:33: System.NullReferenceException: Object reference not set to an instance of an object.
   at CourseWork.Program.Main(String[] args) in /Users/danillevadsky/RiderProjects/CourseWork/CourseWork/Program.cs:line 116

05/19/2020 16:18:27: System.Exception: Имеется недостаточно карт.
   at Users.User.ChooseTwoCards() in /Users/danillevadsky/RiderProjects/CourseWork/Users/User.cs:line 56
   at CourseWork.Program.Main(String[] args) in /Users/danillevadsky/RiderProjects/CourseWork/CourseWork/Program.cs:line 58

05/19/2020 16:20:30: System.Exception: У вас нет карт.

05/19/2020 16:20:30: System.Exception: Not enough cards.
   at Users.User.ChooseCard() in /Users/danillevadsky/RiderProjects/CourseWork/Users/User.cs:line 102
   at CourseWork.Program.Main(String[] args) in /Users/danillevadsky/RiderProjects/CourseWork/CourseWork/Program.cs:line 122

05/19/2020 16:21:16: System.FormatException: Input string was not in a correct format.
   at System.Number.ThrowOverflowOrFormatException(ParsingStatus status, TypeCode type)
   at System.Number.ParseDecimal(ReadOnlySpan`1 value, NumberStyles styles, NumberFormatInfo info)
   at System.Convert.ToDecimal(String value)
   at CourseWork.Program.Main(String[] args) in /Users/danillevadsky/RiderProjects/CourseWork/CourseWork/Program.cs:line 96

05/19/2020 16:21:21: System.NullReferenceException: Object reference not set to an instance of an object.
   at CourseWork.Program.Main(String[] args) in /Users/danillevadsky/RiderProjects/CourseWork/CourseWork/Program.cs:line 111

05/19/2020 16:22:58: System.FormatException: Input string was not in a correct format.
   at System.Number.ThrowOverflowOrFormatException(ParsingStatus status, TypeCode type)
   at System.Number.ParseDecimal(ReadOnlySpan`1 value, NumberStyles styles, NumberFormatInfo info)
   at System.Convert.ToDecimal(String value)
   at CourseWork.Program.Main(String[] args) in /Users/danillevadsky/RiderProjects/CourseWork/CourseWork/Program.cs:line 96

05/19/2020 16:23:03: System.NullReferenceException: Object reference not set to an instance of an object.
   at CourseWork.Program.Main(String[] args) in /Users/danillevadsky/RiderProjects/CourseWork/CourseWork/Program.cs:line 111

05/19/2020 16:26:27: System.FormatException: Input string was not in a correct format.
   at System.Number.ThrowOverflowOrFormatException(ParsingStatus status, TypeCode type)
   at System.Number.ParseDecimal(ReadOnlySpan`1 value, NumberStyles styles, NumberFormatInfo info)
   at System.Convert.ToDecimal(String value)
   at CourseWork.Program.Main(String[] args) in /Users/danillevadsky/RiderProjects/CourseWork/CourseWork/Program.cs:line 96

05/19/2020 22:28:34: System.Exception: Имеется недостаточно карт.
   at Users.User.ChooseTwoCards() in /Users/danillevadsky/RiderProjects/CourseWork/Users/User.cs:line 56
   at CourseWork.Program.Main(String[] args) in /Users/danillevadsky/RiderProjects/Course Work/CourseWork/Program.cs:line 61

05/19/2020 22:28:47: System.ArgumentException: Negative price detected.

05/19/2020 22:36:18: System.Exception: Имеется недостаточно карт.
   at Users.User.ChooseTwoCards() in /Users/danillevadsky/RiderProjects/CourseWork/Users/User.cs:line 56
   at CourseWork.Program.Main(String[] args) in /Users/danillevadsky/RiderProjects/Course Work/CourseWork/Program.cs:line 67

05/19/2020 22:36:37: System.IO.DirectoryNotFoundException: Could not find a part of the path '/BankCards/exceptions.log'.
   at Interop.ThrowExceptionForIoErrno(ErrorInfo errorInfo, String path, Boolean isDirectory, Func`2 errorRewriter)
   at Microsoft.Win32.SafeHandles.SafeFileHandle.Open(String path, OpenFlags flags, Int32 mode)
   at System.IO.FileStream.OpenHandle(FileMode mode, FileShare share, FileOptions options)
   at System.IO.FileStream..ctor(String path, FileMode mode, FileAccess access, FileShare share, Int32 bufferSize, FileOptions options)
   at System.IO.StreamWriter.ValidateArgsAndOpenPath(String path, Boolean append, Encoding encoding, Int32 bufferSize)
   at System.IO.StreamWriter..ctor(String path)
   at Budget.InfoAboutDeal.LogToFile(String bankId, String name, Decimal value, BankAccount card) in /Users/danillevadsky/RiderProjects/Course Work/Budget/InfoAboutDeal.cs:line 21
   at Budget.BankAccount.AddMoney(ActivityOrProduct activity) in /Users/danillevadsky/RiderProjects/Course Work/Budget/BankAccount.cs:line 69
   at CourseWork.Program.Main(String[] args) in /Users/danillevadsky/RiderProjects/Course Work/CourseWork/Program.cs:line 153

05/19/2020 22:36:45: System.IO.DirectoryNotFoundException: Could not find a part of the path '/BankCards/exceptions.log'.
   at Interop.ThrowExceptionForIoErrno(ErrorInfo errorInfo, String path, Boolean isDirectory, Func`2 errorRewriter)
   at Microsoft.Win32.SafeHandles.SafeFileHandle.Open(String path, OpenFlags flags, Int32 mode)
   at System.IO.FileStream.OpenHandle(FileMode mode, FileShare share, FileOptions options)
   at System.IO.FileStream..ctor(String path, FileMode mode, FileAccess access, FileShare share, Int32 bufferSize, FileOptions options)
   at System.IO.StreamWriter.ValidateArgsAndOpenPath(String path, Boolean append, Encoding encoding, Int32 bufferSize)
   at System.IO.StreamWriter..ctor(String path)
   at Budget.InfoAboutDeal.LogToFile(String bankId, String name, Decimal value, BankAccount card) in /Users/danillevadsky/RiderProjects/Course Work/Budget/InfoAboutDeal.cs:line 21
   at Budget.BankAccount.GetMoney(Decimal sum) in /Users/danillevadsky/RiderProjects/Course Work/Budget/BankAccount.cs:line 56
   at CourseWork.Program.Main(String[] args) in /Users/danillevadsky/RiderProjects/Course Work/CourseWork/Program.cs:line 134

05/19/2020 22:37:35: System.ArgumentException: Negative price detected.

05/19/2020 22:37:52: System.FormatException: Input string was not in a correct format.
   at System.Number.ThrowOverflowOrFormatException(ParsingStatus status, TypeCode type)
   at System.Number.ParseDecimal(ReadOnlySpan`1 value, NumberStyles styles, NumberFormatInfo info)
   at System.Convert.ToDecimal(String value)
   at CourseWork.Program.CreateNewThing() in /Users/danillevadsky/RiderProjects/Course Work/CourseWork/Program.cs:line 186

05/19/2020 22:38:18: System.ArgumentException: You can`t withdraw negative sum.

05/19/2020 22:41:00: System.ArgumentException: You can`t withdraw negative sum.

05/19/2020 22:41:19: System.ArgumentException: You don`t have enough money.

05/19/2020 22:43:47: System.FormatException: Input string was not in a correct format.
   at System.Number.ThrowOverflowOrFormatException(ParsingStatus status, TypeCode type)
   at System.Number.ParseInt32(ReadOnlySpan`1 value, NumberStyles styles, NumberFormatInfo info)
   at System.Int32.Parse(String s)
   at CourseWork.Program.Main(String[] args) in /Users/danillevadsky/RiderProjects/Course Work/CourseWork/Program.cs:line 45

05/19/2020 22:43:48: System.FormatException: Input string was not in a correct format.
   at System.Number.ThrowOverflowOrFormatException(ParsingStatus status, TypeCode type)
   at System.Number.ParseInt32(ReadOnlySpan`1 value, NumberStyles styles, NumberFormatInfo info)
   at System.Int32.Parse(String s)
   at CourseWork.Program.Main(String[] args) in /Users/danillevadsky/RiderProjects/Course Work/CourseWork/Program.cs:line 45

05/19/2020 22:43:49: System.FormatException: Input string was not in a correct format.
   at System.Number.ThrowOverflowOrFormatException(ParsingStatus status, TypeCode type)
   at System.Number.ParseInt32(ReadOnlySpan`1 value, NumberStyles styles, NumberFormatInfo info)
   at System.Int32.Parse(String s)
   at CourseWork.Program.Main(String[] args) in /Users/danillevadsky/RiderProjects/Course Work/CourseWork/Program.cs:line 45

05/19/2020 22:43:49: System.FormatException: Input string was not in a correct format.
   at System.Number.ThrowOverflowOrFormatException(ParsingStatus status, TypeCode type)
   at System.Number.ParseInt32(ReadOnlySpan`1 value, NumberStyles styles, NumberFormatInfo info)
   at System.Int32.Parse(String s)
   at CourseWork.Program.Main(String[] args) in /Users/danillevadsky/RiderProjects/Course Work/CourseWork/Program.cs:line 45

05/19/2020 22:43:50: System.FormatException: Input string was not in a correct format.
   at System.Number.ThrowOverflowOrFormatException(ParsingStatus status, TypeCode type)
   at System.Number.ParseInt32(ReadOnlySpan`1 value, NumberStyles styles, NumberFormatInfo info)
   at System.Int32.Parse(String s)
   at CourseWork.Program.Main(String[] args) in /Users/danillevadsky/RiderProjects/Course Work/CourseWork/Program.cs:line 45

05/19/2020 22:43:53: System.FormatException: Input string was not in a correct format.
   at System.Number.ThrowOverflowOrFormatException(ParsingStatus status, TypeCode type)
   at System.Number.ParseInt32(ReadOnlySpan`1 value, NumberStyles styles, NumberFormatInfo info)
   at System.Int32.Parse(String s)
   at CourseWork.Program.Main(String[] args) in /Users/danillevadsky/RiderProjects/Course Work/CourseWork/Program.cs:line 45

05/19/2020 22:43:57: System.Exception: Имеется недостаточно карт.
   at Users.User.ChooseTwoCards() in /Users/danillevadsky/RiderProjects/CourseWork/Users/User.cs:line 56
   at CourseWork.Program.Main(String[] args) in /Users/danillevadsky/RiderProjects/Course Work/CourseWork/Program.cs:line 67

05/19/2020 22:44:07: System.ArgumentException: Negative price detected.

05/19/2020 22:48:00: System.ArgumentException: Negative price detected.

